1605568472290	geckodriver	INFO	Listening on 127.0.0.1:57737
1605568472295	mozrunner::runner	INFO	Running command: "/usr/bin/firefox" "--marionette" "-foreground" "-no-remote" "-profile" "/tmp/rust_mozprofile3nLBlP"
*** You are running in headless mode.
console.warn: SearchSettings: "get: No settings file exists, new profile?" (new Error("", "(unknown module)"))
1605568473850	Marionette	INFO	Listening on port 38391
1605568474135	Marionette	WARN	TLS certificate errors will be ignored for this session
1605568481529	Marionette	INFO	Stopped listening on port 38391
1605568613269	geckodriver	INFO	Listening on 127.0.0.1:38519
1605568613273	mozrunner::runner	INFO	Running command: "/usr/bin/firefox" "--marionette" "-foreground" "-no-remote" "-profile" "/tmp/rust_mozprofileNoVpTV"
*** You are running in headless mode.
console.warn: SearchSettings: "get: No settings file exists, new profile?" (new Error("", "(unknown module)"))
1605568615386	Marionette	INFO	Listening on port 36691
1605568615494	Marionette	WARN	TLS certificate errors will be ignored for this session
1605568622980	Marionette	INFO	Stopped listening on port 36691
1605568673539	geckodriver	INFO	Listening on 127.0.0.1:44727
1605568673543	mozrunner::runner	INFO	Running command: "/usr/bin/firefox" "--marionette" "-foreground" "-no-remote" "-profile" "/tmp/rust_mozprofilebkJ3PT"
*** You are running in headless mode.
console.warn: SearchSettings: "get: No settings file exists, new profile?" (new Error("", "(unknown module)"))
1605568675129	Marionette	INFO	Listening on port 34453
1605568675176	Marionette	WARN	TLS certificate errors will be ignored for this session
1605568682625	Marionette	INFO	Stopped listening on port 34453
1605568786560	geckodriver	INFO	Listening on 127.0.0.1:34283
1605568786572	mozrunner::runner	INFO	Running command: "/usr/bin/firefox" "--marionette" "-foreground" "-no-remote" "-profile" "/tmp/rust_mozprofilecyusKC"
*** You are running in headless mode.
console.warn: SearchSettings: "get: No settings file exists, new profile?" (new Error("", "(unknown module)"))
1605568788468	Marionette	INFO	Listening on port 40181
1605568788506	Marionette	WARN	TLS certificate errors will be ignored for this session
1605568795828	Marionette	INFO	Stopped listening on port 40181
JavaScript error: resource://gre/modules/AsyncShutdown.jsm, line 697: Error: Phase "Sqlite.jsm: wait until all connections are closed" is finished, it is too late to register completion condition "protections.sqlite#0: waiting for shutdown"
